{"/Users/germana/workspace/nl-classifier-nodejs/app.js":{"path":"/Users/germana/workspace/nl-classifier-nodejs/app.js","s":{"1":1,"2":1,"3":1,"4":1,"5":1,"6":1,"7":1,"8":1,"9":1,"10":1,"11":0,"12":1,"13":1},"b":{"1":[1,1],"2":[1,0]},"f":{"1":1,"2":1,"3":1},"fnMap":{"1":{"name":"(anonymous_1)","line":35,"loc":{"start":{"line":35,"column":13},"end":{"line":35,"column":32}}},"2":{"name":"(anonymous_2)","line":41,"loc":{"start":{"line":41,"column":26},"end":{"line":41,"column":51}}},"3":{"name":"(anonymous_3)","line":47,"loc":{"start":{"line":47,"column":32},"end":{"line":47,"column":55}}}},"statementMap":{"1":{"start":{"line":19,"column":0},"end":{"line":21,"column":51}},"2":{"start":{"line":24,"column":0},"end":{"line":24,"column":33}},"3":{"start":{"line":27,"column":0},"end":{"line":32,"column":3}},"4":{"start":{"line":35,"column":0},"end":{"line":37,"column":3}},"5":{"start":{"line":36,"column":2},"end":{"line":36,"column":22}},"6":{"start":{"line":41,"column":0},"end":{"line":53,"column":3}},"7":{"start":{"line":42,"column":2},"end":{"line":45,"column":4}},"8":{"start":{"line":47,"column":2},"end":{"line":52,"column":5}},"9":{"start":{"line":48,"column":4},"end":{"line":51,"column":24}},"10":{"start":{"line":49,"column":6},"end":{"line":49,"column":23}},"11":{"start":{"line":51,"column":6},"end":{"line":51,"column":24}},"12":{"start":{"line":55,"column":0},"end":{"line":55,"column":39}},"13":{"start":{"line":57,"column":0},"end":{"line":57,"column":21}}},"branchMap":{"1":{"line":43,"type":"binary-expr","locations":[{"start":{"line":43,"column":16},"end":{"line":43,"column":41}},{"start":{"line":43,"column":45},"end":{"line":43,"column":62}}]},"2":{"line":48,"type":"if","locations":[{"start":{"line":48,"column":4},"end":{"line":48,"column":4}},{"start":{"line":48,"column":4},"end":{"line":48,"column":4}}]}}},"/Users/germana/workspace/nl-classifier-nodejs/config/express.js":{"path":"/Users/germana/workspace/nl-classifier-nodejs/config/express.js","s":{"1":1,"2":1,"3":1,"4":1,"5":0,"6":1,"7":1,"8":1,"9":1},"b":{"1":[0,1]},"f":{"1":1},"fnMap":{"1":{"name":"(anonymous_1)","line":23,"loc":{"start":{"line":23,"column":17},"end":{"line":23,"column":32}}}},"statementMap":{"1":{"start":{"line":20,"column":0},"end":{"line":21,"column":40}},"2":{"start":{"line":23,"column":0},"end":{"line":38,"column":2}},"3":{"start":{"line":24,"column":2},"end":{"line":24,"column":32}},"4":{"start":{"line":27,"column":2},"end":{"line":28,"column":31}},"5":{"start":{"line":28,"column":4},"end":{"line":28,"column":31}},"6":{"start":{"line":31,"column":2},"end":{"line":31,"column":33}},"7":{"start":{"line":32,"column":2},"end":{"line":32,"column":52}},"8":{"start":{"line":33,"column":2},"end":{"line":33,"column":31}},"9":{"start":{"line":36,"column":2},"end":{"line":36,"column":52}}},"branchMap":{"1":{"line":27,"type":"if","locations":[{"start":{"line":27,"column":2},"end":{"line":27,"column":2}},{"start":{"line":27,"column":2},"end":{"line":27,"column":2}}]}}},"/Users/germana/workspace/nl-classifier-nodejs/config/error-handler.js":{"path":"/Users/germana/workspace/nl-classifier-nodejs/config/error-handler.js","s":{"1":1,"2":1,"3":1,"4":1,"5":1,"6":1,"7":1,"8":3,"9":3},"b":{"1":[3,2],"2":[3,3]},"f":{"1":1,"2":1,"3":3},"fnMap":{"1":{"name":"(anonymous_1)","line":18,"loc":{"start":{"line":18,"column":17},"end":{"line":18,"column":32}}},"2":{"name":"(anonymous_2)","line":21,"loc":{"start":{"line":21,"column":10},"end":{"line":21,"column":35}}},"3":{"name":"(anonymous_3)","line":29,"loc":{"start":{"line":29,"column":10},"end":{"line":29,"column":40}}}},"statementMap":{"1":{"start":{"line":18,"column":0},"end":{"line":37,"column":2}},"2":{"start":{"line":21,"column":2},"end":{"line":26,"column":5}},"3":{"start":{"line":22,"column":4},"end":{"line":22,"column":37}},"4":{"start":{"line":23,"column":4},"end":{"line":23,"column":19}},"5":{"start":{"line":24,"column":4},"end":{"line":24,"column":30}},"6":{"start":{"line":25,"column":4},"end":{"line":25,"column":14}},"7":{"start":{"line":29,"column":2},"end":{"line":35,"column":5}},"8":{"start":{"line":30,"column":4},"end":{"line":33,"column":6}},"9":{"start":{"line":34,"column":4},"end":{"line":34,"column":39}}},"branchMap":{"1":{"line":31,"type":"binary-expr","locations":[{"start":{"line":31,"column":12},"end":{"line":31,"column":20}},{"start":{"line":31,"column":24},"end":{"line":31,"column":27}}]},"2":{"line":32,"type":"binary-expr","locations":[{"start":{"line":32,"column":13},"end":{"line":32,"column":22}},{"start":{"line":32,"column":26},"end":{"line":32,"column":37}}]}}}}