TN:
SF:/Users/germana/workspace/nl-classifier-nodejs/app.js
FN:35,(anonymous_1)
FN:41,(anonymous_2)
FN:47,(anonymous_3)
FNF:3
FNH:3
FNDA:1,(anonymous_1)
FNDA:1,(anonymous_2)
FNDA:1,(anonymous_3)
DA:19,1
DA:24,1
DA:27,1
DA:35,1
DA:36,1
DA:41,1
DA:42,1
DA:47,1
DA:48,1
DA:49,1
DA:51,0
DA:55,1
DA:57,1
LF:13
LH:12
BRDA:43,1,0,1
BRDA:43,1,1,1
BRDA:48,2,0,1
BRDA:48,2,1,0
BRF:4
BRH:3
end_of_record
TN:
SF:/Users/germana/workspace/nl-classifier-nodejs/config/express.js
FN:23,(anonymous_1)
FNF:1
FNH:1
FNDA:1,(anonymous_1)
DA:20,1
DA:23,1
DA:24,1
DA:27,1
DA:28,0
DA:31,1
DA:32,1
DA:33,1
DA:36,1
LF:9
LH:8
BRDA:27,1,0,0
BRDA:27,1,1,1
BRF:2
BRH:1
end_of_record
TN:
SF:/Users/germana/workspace/nl-classifier-nodejs/config/error-handler.js
FN:18,(anonymous_1)
FN:21,(anonymous_2)
FN:29,(anonymous_3)
FNF:3
FNH:3
FNDA:1,(anonymous_1)
FNDA:1,(anonymous_2)
FNDA:3,(anonymous_3)
DA:18,1
DA:21,1
DA:22,1
DA:23,1
DA:24,1
DA:25,1
DA:29,1
DA:30,3
DA:34,3
LF:9
LH:9
BRDA:31,1,0,3
BRDA:31,1,1,2
BRDA:32,2,0,3
BRDA:32,2,1,3
BRF:4
BRH:4
end_of_record
